2024-06-20 19:50:33 0 [Note] Starting MariaDB 10.4.32-MariaDB source revision c4143f909528e3fab0677a28631d10389354c491 as process 10460
2024-06-20 19:50:33 0 [Note] InnoDB: Mutexes and rw_locks use Windows interlocked functions
2024-06-20 19:50:33 0 [Note] InnoDB: Uses event mutexes
2024-06-20 19:50:33 0 [Note] InnoDB: Compressed tables use zlib 1.3
2024-06-20 19:50:33 0 [Note] InnoDB: Number of pools: 1
2024-06-20 19:50:33 0 [Note] InnoDB: Using SSE2 crc32 instructions
2024-06-20 19:50:33 0 [Note] InnoDB: Initializing buffer pool, total size = 16M, instances = 1, chunk size = 16M
2024-06-20 19:50:33 0 [Note] InnoDB: Completed initialization of buffer pool
2024-06-20 19:50:33 0 [Note] InnoDB: Starting crash recovery from checkpoint LSN=300288
2024-06-20 19:50:34 0 [Note] InnoDB: 128 out of 128 rollback segments are active.
2024-06-20 19:50:34 0 [Note] InnoDB: Removed temporary tablespace data file: "ibtmp1"
2024-06-20 19:50:34 0 [Note] InnoDB: Creating shared tablespace for temporary tables
2024-06-20 19:50:34 0 [Note] InnoDB: Setting file 'C:\xampp\mysql\data\ibtmp1' size to 12 MB. Physically writing the file full; Please wait ...
2024-06-20 19:50:34 0 [Note] InnoDB: File 'C:\xampp\mysql\data\ibtmp1' size is now 12 MB.
2024-06-20 19:50:34 0 [Note] InnoDB: 10.4.32 started; log sequence number 300297; transaction id 170
2024-06-20 19:50:34 0 [Note] InnoDB: Loading buffer pool(s) from C:\xampp\mysql\data\ib_buffer_pool
2024-06-20 19:50:34 0 [Note] Plugin 'FEEDBACK' is disabled.
2024-06-20 19:50:34 0 [Note] Server socket created on IP: '::'.
2024-06-20 19:50:34 0 [Note] InnoDB: Buffer pool(s) load completed at 240620 19:50:34
2024-06-20 19:50:35 0 [Note] Reading of all Master_info entries succeeded
2024-06-20 19:50:35 0 [Note] Added new Master_info '' to hash table
2024-06-20 19:50:35 0 [Note] C:\xampp\mysql\bin\mysqld.exe: ready for connections.
Version: '10.4.32-MariaDB'  socket: ''  port: 3306  mariadb.org binary distribution
2024-06-20 20:58:44 9 [Warning] Access denied for user 'admin'@'localhost' (using password: YES)
2024-06-20 22:48:48 10 [Warning] Aborted connection 10 to db: 'unconnected' user: 'admin' host: 'localhost' (Got an error reading communication packets)
2024-06-20 22:48:58 0 [Note] C:\xampp\mysql\bin\mysqld.exe (initiated by: unknown): Normal shutdown
2024-06-20 22:48:58 0 [Note] Event Scheduler: Purging the queue. 0 events
2024-06-20 22:48:58 0 [Note] InnoDB: FTS optimize thread exiting.
2024-06-20 22:48:59 0 [Note] InnoDB: Starting shutdown...
2024-06-20 22:48:59 0 [Note] InnoDB: Dumping buffer pool(s) to C:\xampp\mysql\data\ib_buffer_pool
2024-06-20 22:48:59 0 [Note] InnoDB: Instance 0, restricted to 250 pages due to innodb_buf_pool_dump_pct=25
2024-06-20 22:48:59 0 [Note] InnoDB: Buffer pool(s) dump completed at 240620 22:48:59
2024-06-20 22:49:01 0 [Note] InnoDB: Removed temporary tablespace data file: "ibtmp1"
2024-06-20 22:49:01 0 [Note] InnoDB: Shutdown completed; log sequence number 300315; transaction id 171
2024-06-20 22:49:01 0 [Note] C:\xampp\mysql\bin\mysqld.exe: Shutdown complete

2024-06-21 10:59:50 0 [Note] Starting MariaDB 10.4.32-MariaDB source revision c4143f909528e3fab0677a28631d10389354c491 as process 1284
2024-06-21 10:59:53 0 [Note] InnoDB: Mutexes and rw_locks use Windows interlocked functions
2024-06-21 10:59:53 0 [Note] InnoDB: Uses event mutexes
2024-06-21 10:59:53 0 [Note] InnoDB: Compressed tables use zlib 1.3
2024-06-21 10:59:53 0 [Note] InnoDB: Number of pools: 1
2024-06-21 10:59:53 0 [Note] InnoDB: Using SSE2 crc32 instructions
2024-06-21 10:59:53 0 [Note] InnoDB: Initializing buffer pool, total size = 16M, instances = 1, chunk size = 16M
2024-06-21 10:59:54 0 [Note] InnoDB: Completed initialization of buffer pool
2024-06-21 10:59:56 0 [Note] InnoDB: 128 out of 128 rollback segments are active.
2024-06-21 10:59:56 0 [Note] InnoDB: Creating shared tablespace for temporary tables
2024-06-21 10:59:56 0 [Note] InnoDB: Setting file 'C:\xampp\mysql\data\ibtmp1' size to 12 MB. Physically writing the file full; Please wait ...
2024-06-21 10:59:56 0 [Note] InnoDB: File 'C:\xampp\mysql\data\ibtmp1' size is now 12 MB.
2024-06-21 10:59:56 0 [Note] InnoDB: Waiting for purge to start
2024-06-21 10:59:57 0 [Note] InnoDB: Waiting for purge to start
2024-06-21 10:59:57 0 [Note] InnoDB: 10.4.32 started; log sequence number 300315; transaction id 170
2024-06-21 10:59:57 0 [Note] InnoDB: Loading buffer pool(s) from C:\xampp\mysql\data\ib_buffer_pool
2024-06-21 10:59:57 0 [Note] Plugin 'FEEDBACK' is disabled.
2024-06-21 10:59:57 0 [Note] InnoDB: Buffer pool(s) load completed at 240621 10:59:57
2024-06-21 10:59:58 0 [Note] Server socket created on IP: '::'.
2024-06-21 11:00:02 0 [Note] Reading of all Master_info entries succeeded
2024-06-21 11:00:02 0 [Note] Added new Master_info '' to hash table
2024-06-21 11:00:02 0 [Note] C:\xampp\mysql\bin\mysqld.exe: ready for connections.
Version: '10.4.32-MariaDB'  socket: ''  port: 3306  mariadb.org binary distribution
2024-06-21 17:13:46 8 [Warning] Aborted connection 8 to db: 'audiobooks' user: 'admin' host: 'localhost' (Got an error reading communication packets)
2024-06-21 17:13:52 0 [Note] C:\xampp\mysql\bin\mysqld.exe (initiated by: unknown): Normal shutdown
2024-06-21 17:13:52 0 [Note] Event Scheduler: Purging the queue. 0 events
2024-06-21 17:13:52 0 [Note] InnoDB: FTS optimize thread exiting.
2024-06-21 17:13:54 0 [Note] InnoDB: Starting shutdown...
2024-06-21 17:13:54 0 [Note] InnoDB: Dumping buffer pool(s) to C:\xampp\mysql\data\ib_buffer_pool
2024-06-21 17:13:54 0 [Note] InnoDB: Instance 0, restricted to 250 pages due to innodb_buf_pool_dump_pct=25
2024-06-21 17:13:54 0 [Note] InnoDB: Buffer pool(s) dump completed at 240621 17:13:54
2024-06-21 17:13:55 0 [Note] InnoDB: Removed temporary tablespace data file: "ibtmp1"
2024-06-21 17:13:55 0 [Note] InnoDB: Shutdown completed; log sequence number 310455; transaction id 201
2024-06-21 17:13:56 0 [Note] C:\xampp\mysql\bin\mysqld.exe: Shutdown complete

2024-06-21 23:14:51 0 [Note] Starting MariaDB 10.4.32-MariaDB source revision c4143f909528e3fab0677a28631d10389354c491 as process 3160
2024-06-21 23:14:52 0 [Note] InnoDB: Mutexes and rw_locks use Windows interlocked functions
2024-06-21 23:14:52 0 [Note] InnoDB: Uses event mutexes
2024-06-21 23:14:52 0 [Note] InnoDB: Compressed tables use zlib 1.3
2024-06-21 23:14:52 0 [Note] InnoDB: Number of pools: 1
2024-06-21 23:14:53 0 [Note] InnoDB: Using SSE2 crc32 instructions
2024-06-21 23:14:53 0 [Note] InnoDB: Initializing buffer pool, total size = 16M, instances = 1, chunk size = 16M
2024-06-21 23:14:53 0 [Note] InnoDB: Completed initialization of buffer pool
2024-06-21 23:14:54 0 [Note] InnoDB: 128 out of 128 rollback segments are active.
2024-06-21 23:14:54 0 [Note] InnoDB: Creating shared tablespace for temporary tables
2024-06-21 23:14:54 0 [Note] InnoDB: Setting file 'C:\xampp\mysql\data\ibtmp1' size to 12 MB. Physically writing the file full; Please wait ...
2024-06-21 23:14:54 0 [Note] InnoDB: File 'C:\xampp\mysql\data\ibtmp1' size is now 12 MB.
2024-06-21 23:14:54 0 [Note] InnoDB: Waiting for purge to start
2024-06-21 23:14:54 0 [Note] InnoDB: Waiting for purge to start
2024-06-21 23:14:54 0 [Note] InnoDB: 10.4.32 started; log sequence number 310455; transaction id 202
2024-06-21 23:14:54 0 [Note] InnoDB: Loading buffer pool(s) from C:\xampp\mysql\data\ib_buffer_pool
2024-06-21 23:14:54 0 [Note] Plugin 'FEEDBACK' is disabled.
2024-06-21 23:14:55 0 [Note] InnoDB: Buffer pool(s) load completed at 240621 23:14:55
2024-06-21 23:14:55 0 [Note] Server socket created on IP: '::'.
2024-06-21 23:14:57 0 [Note] Reading of all Master_info entries succeeded
2024-06-21 23:14:57 0 [Note] Added new Master_info '' to hash table
2024-06-21 23:14:57 0 [Note] C:\xampp\mysql\bin\mysqld.exe: ready for connections.
Version: '10.4.32-MariaDB'  socket: ''  port: 3306  mariadb.org binary distribution
2024-06-22  0:27:23 0 [Note] C:\xampp\mysql\bin\mysqld.exe (initiated by: unknown): Normal shutdown
2024-06-22  0:27:23 0 [Note] Event Scheduler: Purging the queue. 0 events
2024-06-22  0:27:23 0 [Note] InnoDB: FTS optimize thread exiting.
2024-06-22  0:27:25 0 [Note] InnoDB: Starting shutdown...
2024-06-22  0:27:25 0 [Note] InnoDB: Dumping buffer pool(s) to C:\xampp\mysql\data\ib_buffer_pool
2024-06-22  0:27:25 0 [Note] InnoDB: Instance 0, restricted to 250 pages due to innodb_buf_pool_dump_pct=25
2024-06-22  0:27:25 0 [Note] InnoDB: Buffer pool(s) dump completed at 240622  0:27:25
2024-06-22  0:27:26 0 [Note] InnoDB: Removed temporary tablespace data file: "ibtmp1"
2024-06-22  0:27:26 0 [Note] InnoDB: Shutdown completed; log sequence number 310464; transaction id 203
2024-06-22  0:27:27 0 [Note] C:\xampp\mysql\bin\mysqld.exe: Shutdown complete

2024-06-22 10:36:47 0 [Note] Starting MariaDB 10.4.32-MariaDB source revision c4143f909528e3fab0677a28631d10389354c491 as process 3160
2024-06-22 10:36:47 0 [Note] InnoDB: Mutexes and rw_locks use Windows interlocked functions
2024-06-22 10:36:47 0 [Note] InnoDB: Uses event mutexes
2024-06-22 10:36:47 0 [Note] InnoDB: Compressed tables use zlib 1.3
2024-06-22 10:36:47 0 [Note] InnoDB: Number of pools: 1
2024-06-22 10:36:47 0 [Note] InnoDB: Using SSE2 crc32 instructions
2024-06-22 10:36:48 0 [Note] InnoDB: Initializing buffer pool, total size = 16M, instances = 1, chunk size = 16M
2024-06-22 10:36:48 0 [Note] InnoDB: Completed initialization of buffer pool
2024-06-22 10:36:49 0 [Note] InnoDB: 128 out of 128 rollback segments are active.
2024-06-22 10:36:49 0 [Note] InnoDB: Creating shared tablespace for temporary tables
2024-06-22 10:36:49 0 [Note] InnoDB: Setting file 'C:\xampp\mysql\data\ibtmp1' size to 12 MB. Physically writing the file full; Please wait ...
2024-06-22 10:36:49 0 [Note] InnoDB: File 'C:\xampp\mysql\data\ibtmp1' size is now 12 MB.
2024-06-22 10:36:49 0 [Note] InnoDB: Waiting for purge to start
2024-06-22 10:36:49 0 [Note] InnoDB: Waiting for purge to start
2024-06-22 10:36:49 0 [Note] InnoDB: 10.4.32 started; log sequence number 310464; transaction id 202
2024-06-22 10:36:49 0 [Note] InnoDB: Loading buffer pool(s) from C:\xampp\mysql\data\ib_buffer_pool
2024-06-22 10:36:49 0 [Note] Plugin 'FEEDBACK' is disabled.
2024-06-22 10:36:50 0 [Note] InnoDB: Buffer pool(s) load completed at 240622 10:36:50
2024-06-22 10:36:50 0 [Note] Server socket created on IP: '::'.
2024-06-22 10:36:51 0 [Note] Reading of all Master_info entries succeeded
2024-06-22 10:36:51 0 [Note] Added new Master_info '' to hash table
2024-06-22 10:36:51 0 [Note] C:\xampp\mysql\bin\mysqld.exe: ready for connections.
Version: '10.4.32-MariaDB'  socket: ''  port: 3306  mariadb.org binary distribution
2024-06-22 15:22:04 8 [Warning] Aborted connection 8 to db: 'audiobooks' user: 'admin' host: 'localhost' (Got an error reading communication packets)
2024-06-22 15:22:08 0 [Note] C:\xampp\mysql\bin\mysqld.exe (initiated by: unknown): Normal shutdown
2024-06-22 15:22:08 0 [Note] Event Scheduler: Purging the queue. 0 events
2024-06-22 15:22:08 0 [Note] InnoDB: FTS optimize thread exiting.
2024-06-22 15:22:10 0 [Note] InnoDB: Starting shutdown...
2024-06-22 15:22:10 0 [Note] InnoDB: Dumping buffer pool(s) to C:\xampp\mysql\data\ib_buffer_pool
2024-06-22 15:22:10 0 [Note] InnoDB: Instance 0, restricted to 250 pages due to innodb_buf_pool_dump_pct=25
2024-06-22 15:22:11 0 [Note] InnoDB: Buffer pool(s) dump completed at 240622 15:22:11
2024-06-22 15:22:11 0 [Note] InnoDB: Removed temporary tablespace data file: "ibtmp1"
2024-06-22 15:22:11 0 [Note] InnoDB: Shutdown completed; log sequence number 337862; transaction id 262
2024-06-22 15:22:12 0 [Note] C:\xampp\mysql\bin\mysqld.exe: Shutdown complete

2024-06-22 17:42:55 0 [Note] Starting MariaDB 10.4.32-MariaDB source revision c4143f909528e3fab0677a28631d10389354c491 as process 2072
2024-06-22 17:42:56 0 [Note] InnoDB: Mutexes and rw_locks use Windows interlocked functions
2024-06-22 17:42:56 0 [Note] InnoDB: Uses event mutexes
2024-06-22 17:42:56 0 [Note] InnoDB: Compressed tables use zlib 1.3
2024-06-22 17:42:57 0 [Note] InnoDB: Number of pools: 1
2024-06-22 17:42:57 0 [Note] InnoDB: Using SSE2 crc32 instructions
2024-06-22 17:42:57 0 [Note] InnoDB: Initializing buffer pool, total size = 16M, instances = 1, chunk size = 16M
2024-06-22 17:42:58 0 [Note] InnoDB: Completed initialization of buffer pool
2024-06-22 17:43:09 0 [Note] InnoDB: 128 out of 128 rollback segments are active.
2024-06-22 17:43:09 0 [Note] InnoDB: Creating shared tablespace for temporary tables
2024-06-22 17:43:09 0 [Note] InnoDB: Setting file 'C:\xampp\mysql\data\ibtmp1' size to 12 MB. Physically writing the file full; Please wait ...
2024-06-22 17:43:09 0 [Note] InnoDB: File 'C:\xampp\mysql\data\ibtmp1' size is now 12 MB.
2024-06-22 17:43:09 0 [Note] InnoDB: Waiting for purge to start
2024-06-22 17:43:09 0 [Note] InnoDB: Waiting for purge to start
2024-06-22 17:43:09 0 [Note] InnoDB: Waiting for purge to start
2024-06-22 17:43:09 0 [Note] InnoDB: 10.4.32 started; log sequence number 337862; transaction id 263
2024-06-22 17:43:09 0 [Note] InnoDB: Loading buffer pool(s) from C:\xampp\mysql\data\ib_buffer_pool
2024-06-22 17:43:09 0 [Note] Plugin 'FEEDBACK' is disabled.
2024-06-22 17:43:11 0 [Note] InnoDB: Buffer pool(s) load completed at 240622 17:43:11
2024-06-22 17:43:15 0 [Note] Server socket created on IP: '::'.
2024-06-22 17:43:25 0 [Note] Reading of all Master_info entries succeeded
2024-06-22 17:43:25 0 [Note] Added new Master_info '' to hash table
2024-06-22 17:43:25 0 [Note] C:\xampp\mysql\bin\mysqld.exe: ready for connections.
Version: '10.4.32-MariaDB'  socket: ''  port: 3306  mariadb.org binary distribution
2024-06-22 18:23:56 0 [Note] C:\xampp\mysql\bin\mysqld.exe (initiated by: unknown): Normal shutdown
2024-06-22 18:23:56 0 [Note] Event Scheduler: Purging the queue. 0 events
2024-06-22 18:23:56 0 [Note] InnoDB: FTS optimize thread exiting.
2024-06-22 18:23:59 0 [Note] InnoDB: Starting shutdown...
2024-06-22 18:23:59 0 [Note] InnoDB: Dumping buffer pool(s) to C:\xampp\mysql\data\ib_buffer_pool
2024-06-22 18:23:59 0 [Note] InnoDB: Instance 0, restricted to 250 pages due to innodb_buf_pool_dump_pct=25
2024-06-22 18:23:59 0 [Note] InnoDB: Buffer pool(s) dump completed at 240622 18:23:59
2024-06-22 18:24:00 0 [Note] InnoDB: Removed temporary tablespace data file: "ibtmp1"
2024-06-22 18:24:00 0 [Note] InnoDB: Shutdown completed; log sequence number 337871; transaction id 264
2024-06-22 18:24:00 0 [Note] C:\xampp\mysql\bin\mysqld.exe: Shutdown complete

2024-06-22 18:25:28 0 [Note] Starting MariaDB 10.4.32-MariaDB source revision c4143f909528e3fab0677a28631d10389354c491 as process 2560
2024-06-22 18:25:29 0 [Note] InnoDB: Mutexes and rw_locks use Windows interlocked functions
2024-06-22 18:25:29 0 [Note] InnoDB: Uses event mutexes
2024-06-22 18:25:29 0 [Note] InnoDB: Compressed tables use zlib 1.3
2024-06-22 18:25:29 0 [Note] InnoDB: Number of pools: 1
2024-06-22 18:25:29 0 [Note] InnoDB: Using SSE2 crc32 instructions
2024-06-22 18:25:32 0 [Note] InnoDB: Initializing buffer pool, total size = 16M, instances = 1, chunk size = 16M
2024-06-22 18:25:32 0 [Note] InnoDB: Completed initialization of buffer pool
2024-06-22 18:25:48 0 [Note] InnoDB: 128 out of 128 rollback segments are active.
2024-06-22 18:25:48 0 [Note] InnoDB: Creating shared tablespace for temporary tables
2024-06-22 18:25:48 0 [Note] InnoDB: Setting file 'C:\xampp\mysql\data\ibtmp1' size to 12 MB. Physically writing the file full; Please wait ...
2024-06-22 18:25:48 0 [Note] InnoDB: File 'C:\xampp\mysql\data\ibtmp1' size is now 12 MB.
2024-06-22 18:25:48 0 [Note] InnoDB: Waiting for purge to start
2024-06-22 18:25:48 0 [Note] InnoDB: Waiting for purge to start
2024-06-22 18:25:49 0 [Note] InnoDB: Waiting for purge to start
2024-06-22 18:25:49 0 [Note] InnoDB: Waiting for purge to start
2024-06-22 18:25:49 0 [Note] InnoDB: 10.4.32 started; log sequence number 337871; transaction id 263
2024-06-22 18:25:49 0 [Note] Plugin 'FEEDBACK' is disabled.
2024-06-22 18:25:49 0 [Note] InnoDB: Loading buffer pool(s) from C:\xampp\mysql\data\ib_buffer_pool
2024-06-22 18:25:50 0 [Note] InnoDB: Buffer pool(s) load completed at 240622 18:25:50
2024-06-22 18:25:53 0 [Note] Server socket created on IP: '::'.
2024-06-22 18:26:00 0 [Note] Reading of all Master_info entries succeeded
2024-06-22 18:26:00 0 [Note] Added new Master_info '' to hash table
2024-06-22 18:26:00 0 [Note] C:\xampp\mysql\bin\mysqld.exe: ready for connections.
Version: '10.4.32-MariaDB'  socket: ''  port: 3306  mariadb.org binary distribution
2024-06-22 19:16:31 8 [Warning] Access denied for user ''@'localhost' (using password: NO)
2024-06-22 19:21:08 10 [Warning] Access denied for user 'adminf'@'localhost' (using password: YES)
2024-06-22 19:57:13 11 [Warning] Access denied for user 'admin'@'localhost' to database '123'
2024-06-22 22:37:09 12 [Warning] Aborted connection 12 to db: 'audiobooks' user: 'admin' host: 'localhost' (Got an error reading communication packets)
2024-06-22 22:37:14 0 [Note] C:\xampp\mysql\bin\mysqld.exe (initiated by: unknown): Normal shutdown
2024-06-22 22:37:14 0 [Note] Event Scheduler: Purging the queue. 0 events
2024-06-22 22:37:14 0 [Note] InnoDB: FTS optimize thread exiting.
2024-06-22 22:37:15 0 [Note] InnoDB: Starting shutdown...
2024-06-22 22:37:15 0 [Note] InnoDB: Dumping buffer pool(s) to C:\xampp\mysql\data\ib_buffer_pool
2024-06-22 22:37:15 0 [Note] InnoDB: Instance 0, restricted to 250 pages due to innodb_buf_pool_dump_pct=25
2024-06-22 22:37:16 0 [Note] InnoDB: Buffer pool(s) dump completed at 240622 22:37:16
2024-06-22 22:37:17 0 [Note] InnoDB: Removed temporary tablespace data file: "ibtmp1"
2024-06-22 22:37:17 0 [Note] InnoDB: Shutdown completed; log sequence number 339865; transaction id 279
2024-06-22 22:37:17 0 [Note] C:\xampp\mysql\bin\mysqld.exe: Shutdown complete

2024-06-23 17:40:17 0 [Note] Starting MariaDB 10.4.32-MariaDB source revision c4143f909528e3fab0677a28631d10389354c491 as process 3164
2024-06-23 17:40:25 0 [Note] InnoDB: Mutexes and rw_locks use Windows interlocked functions
2024-06-23 17:40:25 0 [Note] InnoDB: Uses event mutexes
2024-06-23 17:40:25 0 [Note] InnoDB: Compressed tables use zlib 1.3
2024-06-23 17:40:27 0 [Note] InnoDB: Number of pools: 1
2024-06-23 17:40:28 0 [Note] InnoDB: Using SSE2 crc32 instructions
2024-06-23 17:40:28 0 [Note] InnoDB: Initializing buffer pool, total size = 16M, instances = 1, chunk size = 16M
2024-06-23 17:40:28 0 [Note] InnoDB: Completed initialization of buffer pool
2024-06-23 17:40:36 0 [Note] InnoDB: 128 out of 128 rollback segments are active.
2024-06-23 17:40:36 0 [Note] InnoDB: Creating shared tablespace for temporary tables
2024-06-23 17:40:36 0 [Note] InnoDB: Setting file 'C:\xampp\mysql\data\ibtmp1' size to 12 MB. Physically writing the file full; Please wait ...
2024-06-23 17:40:36 0 [Note] InnoDB: File 'C:\xampp\mysql\data\ibtmp1' size is now 12 MB.
2024-06-23 17:40:36 0 [Note] InnoDB: Waiting for purge to start
2024-06-23 17:40:36 0 [Note] InnoDB: Waiting for purge to start
2024-06-23 17:40:36 0 [Note] InnoDB: Waiting for purge to start
2024-06-23 17:40:36 0 [Note] InnoDB: Waiting for purge to start
2024-06-23 17:40:36 0 [Note] InnoDB: 10.4.32 started; log sequence number 339865; transaction id 280
2024-06-23 17:40:36 0 [Note] InnoDB: Loading buffer pool(s) from C:\xampp\mysql\data\ib_buffer_pool
2024-06-23 17:40:36 0 [Note] Plugin 'FEEDBACK' is disabled.
2024-06-23 17:40:38 0 [Note] InnoDB: Buffer pool(s) load completed at 240623 17:40:38
2024-06-23 17:40:38 0 [Note] Server socket created on IP: '::'.
2024-06-23 17:40:45 0 [Note] Reading of all Master_info entries succeeded
2024-06-23 17:40:45 0 [Note] Added new Master_info '' to hash table
2024-06-23 17:40:46 0 [Note] C:\xampp\mysql\bin\mysqld.exe: ready for connections.
Version: '10.4.32-MariaDB'  socket: ''  port: 3306  mariadb.org binary distribution
2024-06-23 22:29:50 0 [Note] C:\xampp\mysql\bin\mysqld.exe (initiated by: unknown): Normal shutdown
2024-06-23 22:29:50 0 [Note] Event Scheduler: Purging the queue. 0 events
2024-06-23 22:29:50 0 [Note] InnoDB: FTS optimize thread exiting.
2024-06-23 22:29:52 0 [Note] InnoDB: Starting shutdown...
2024-06-23 22:29:52 0 [Note] InnoDB: Dumping buffer pool(s) to C:\xampp\mysql\data\ib_buffer_pool
2024-06-23 22:29:52 0 [Note] InnoDB: Instance 0, restricted to 250 pages due to innodb_buf_pool_dump_pct=25
2024-06-23 22:29:52 0 [Note] InnoDB: Buffer pool(s) dump completed at 240623 22:29:52
2024-06-23 22:29:53 0 [Note] InnoDB: Removed temporary tablespace data file: "ibtmp1"
2024-06-23 22:29:53 0 [Note] InnoDB: Shutdown completed; log sequence number 339874; transaction id 281
2024-06-23 22:29:54 0 [Note] C:\xampp\mysql\bin\mysqld.exe: Shutdown complete

2024-06-24 12:37:59 0 [Note] Starting MariaDB 10.4.32-MariaDB source revision c4143f909528e3fab0677a28631d10389354c491 as process 2632
2024-06-24 12:37:59 0 [Note] InnoDB: Mutexes and rw_locks use Windows interlocked functions
2024-06-24 12:37:59 0 [Note] InnoDB: Uses event mutexes
2024-06-24 12:37:59 0 [Note] InnoDB: Compressed tables use zlib 1.3
2024-06-24 12:38:00 0 [Note] InnoDB: Number of pools: 1
2024-06-24 12:38:01 0 [Note] InnoDB: Using SSE2 crc32 instructions
2024-06-24 12:38:02 0 [Note] InnoDB: Initializing buffer pool, total size = 16M, instances = 1, chunk size = 16M
2024-06-24 12:38:02 0 [Note] InnoDB: Completed initialization of buffer pool
2024-06-24 12:38:09 0 [Note] InnoDB: 128 out of 128 rollback segments are active.
2024-06-24 12:38:09 0 [Note] InnoDB: Creating shared tablespace for temporary tables
2024-06-24 12:38:09 0 [Note] InnoDB: Setting file 'C:\xampp\mysql\data\ibtmp1' size to 12 MB. Physically writing the file full; Please wait ...
2024-06-24 12:38:09 0 [Note] InnoDB: File 'C:\xampp\mysql\data\ibtmp1' size is now 12 MB.
2024-06-24 12:38:09 0 [Note] InnoDB: Waiting for purge to start
2024-06-24 12:38:09 0 [Note] InnoDB: Waiting for purge to start
2024-06-24 12:38:09 0 [Note] InnoDB: Waiting for purge to start
2024-06-24 12:38:09 0 [Note] InnoDB: Waiting for purge to start
2024-06-24 12:38:09 0 [Note] InnoDB: Waiting for purge to start
2024-06-24 12:38:09 0 [Note] InnoDB: 10.4.32 started; log sequence number 339874; transaction id 280
2024-06-24 12:38:10 0 [Note] Plugin 'FEEDBACK' is disabled.
2024-06-24 12:38:11 0 [Note] InnoDB: Loading buffer pool(s) from C:\xampp\mysql\data\ib_buffer_pool
2024-06-24 12:38:12 0 [Note] InnoDB: Buffer pool(s) load completed at 240624 12:38:12
2024-06-24 12:38:15 0 [Note] Server socket created on IP: '::'.
2024-06-24 12:38:24 0 [Note] Reading of all Master_info entries succeeded
2024-06-24 12:38:24 0 [Note] Added new Master_info '' to hash table
2024-06-24 12:38:24 0 [Note] C:\xampp\mysql\bin\mysqld.exe: ready for connections.
Version: '10.4.32-MariaDB'  socket: ''  port: 3306  mariadb.org binary distribution
2024-06-24 13:54:21 0 [Note] C:\xampp\mysql\bin\mysqld.exe (initiated by: unknown): Normal shutdown
2024-06-24 13:54:21 0 [Note] Event Scheduler: Purging the queue. 0 events
2024-06-24 13:54:21 0 [Note] InnoDB: FTS optimize thread exiting.
2024-06-24 13:54:23 0 [Note] InnoDB: Starting shutdown...
2024-06-24 13:54:23 0 [Note] InnoDB: Dumping buffer pool(s) to C:\xampp\mysql\data\ib_buffer_pool
2024-06-24 13:54:23 0 [Note] InnoDB: Instance 0, restricted to 250 pages due to innodb_buf_pool_dump_pct=25
2024-06-24 13:54:23 0 [Note] InnoDB: Buffer pool(s) dump completed at 240624 13:54:23
2024-06-24 13:54:24 0 [Note] InnoDB: Removed temporary tablespace data file: "ibtmp1"
2024-06-24 13:54:24 0 [Note] InnoDB: Shutdown completed; log sequence number 339883; transaction id 281
2024-06-24 13:54:24 0 [Note] C:\xampp\mysql\bin\mysqld.exe: Shutdown complete

2024-06-24 15:46:26 0 [Note] Starting MariaDB 10.4.32-MariaDB source revision c4143f909528e3fab0677a28631d10389354c491 as process 2064
2024-06-24 15:46:27 0 [Note] InnoDB: Mutexes and rw_locks use Windows interlocked functions
2024-06-24 15:46:27 0 [Note] InnoDB: Uses event mutexes
2024-06-24 15:46:27 0 [Note] InnoDB: Compressed tables use zlib 1.3
2024-06-24 15:46:28 0 [Note] InnoDB: Number of pools: 1
2024-06-24 15:46:28 0 [Note] InnoDB: Using SSE2 crc32 instructions
2024-06-24 15:46:28 0 [Note] InnoDB: Initializing buffer pool, total size = 16M, instances = 1, chunk size = 16M
2024-06-24 15:46:28 0 [Note] InnoDB: Completed initialization of buffer pool
2024-06-24 15:46:34 0 [Note] InnoDB: 128 out of 128 rollback segments are active.
2024-06-24 15:46:34 0 [Note] InnoDB: Creating shared tablespace for temporary tables
2024-06-24 15:46:34 0 [Note] InnoDB: Setting file 'C:\xampp\mysql\data\ibtmp1' size to 12 MB. Physically writing the file full; Please wait ...
2024-06-24 15:46:34 0 [Note] InnoDB: File 'C:\xampp\mysql\data\ibtmp1' size is now 12 MB.
2024-06-24 15:46:34 0 [Note] InnoDB: Waiting for purge to start
2024-06-24 15:46:34 0 [Note] InnoDB: Waiting for purge to start
2024-06-24 15:46:34 0 [Note] InnoDB: Waiting for purge to start
2024-06-24 15:46:34 0 [Note] InnoDB: 10.4.32 started; log sequence number 339883; transaction id 280
2024-06-24 15:46:34 0 [Note] InnoDB: Loading buffer pool(s) from C:\xampp\mysql\data\ib_buffer_pool
2024-06-24 15:46:34 0 [Note] Plugin 'FEEDBACK' is disabled.
2024-06-24 15:46:35 0 [Note] InnoDB: Buffer pool(s) load completed at 240624 15:46:35
2024-06-24 15:46:37 0 [Note] Server socket created on IP: '::'.
2024-06-24 15:47:01 0 [Note] Reading of all Master_info entries succeeded
2024-06-24 15:47:01 0 [Note] Added new Master_info '' to hash table
2024-06-24 15:47:01 0 [Note] C:\xampp\mysql\bin\mysqld.exe: ready for connections.
Version: '10.4.32-MariaDB'  socket: ''  port: 3306  mariadb.org binary distribution
2024-06-24 21:20:08 8 [Warning] Aborted connection 8 to db: 'audiobooks' user: 'admin' host: 'localhost' (Got an error reading communication packets)
2024-06-24 21:20:13 0 [Note] C:\xampp\mysql\bin\mysqld.exe (initiated by: unknown): Normal shutdown
2024-06-24 21:20:13 0 [Note] Event Scheduler: Purging the queue. 0 events
2024-06-24 21:20:13 0 [Note] InnoDB: FTS optimize thread exiting.
2024-06-24 21:20:16 0 [Note] InnoDB: Starting shutdown...
2024-06-24 21:20:16 0 [Note] InnoDB: Dumping buffer pool(s) to C:\xampp\mysql\data\ib_buffer_pool
2024-06-24 21:20:16 0 [Note] InnoDB: Instance 0, restricted to 250 pages due to innodb_buf_pool_dump_pct=25
2024-06-24 21:20:16 0 [Note] InnoDB: Buffer pool(s) dump completed at 240624 21:20:16
2024-06-24 21:20:17 0 [Note] InnoDB: Removed temporary tablespace data file: "ibtmp1"
2024-06-24 21:20:17 0 [Note] InnoDB: Shutdown completed; log sequence number 347361; transaction id 305
2024-06-24 21:20:17 0 [Note] C:\xampp\mysql\bin\mysqld.exe: Shutdown complete

2024-06-25 21:02:43 0 [Note] Starting MariaDB 10.4.32-MariaDB source revision c4143f909528e3fab0677a28631d10389354c491 as process 3088
2024-06-25 21:02:44 0 [Note] InnoDB: Mutexes and rw_locks use Windows interlocked functions
2024-06-25 21:02:44 0 [Note] InnoDB: Uses event mutexes
2024-06-25 21:02:44 0 [Note] InnoDB: Compressed tables use zlib 1.3
2024-06-25 21:02:44 0 [Note] InnoDB: Number of pools: 1
2024-06-25 21:02:44 0 [Note] InnoDB: Using SSE2 crc32 instructions
2024-06-25 21:02:44 0 [Note] InnoDB: Initializing buffer pool, total size = 16M, instances = 1, chunk size = 16M
2024-06-25 21:02:44 0 [Note] InnoDB: Completed initialization of buffer pool
2024-06-25 21:02:49 0 [Note] InnoDB: 128 out of 128 rollback segments are active.
2024-06-25 21:02:49 0 [Note] InnoDB: Creating shared tablespace for temporary tables
2024-06-25 21:02:49 0 [Note] InnoDB: Setting file 'C:\xampp\mysql\data\ibtmp1' size to 12 MB. Physically writing the file full; Please wait ...
2024-06-25 21:02:49 0 [Note] InnoDB: File 'C:\xampp\mysql\data\ibtmp1' size is now 12 MB.
2024-06-25 21:02:49 0 [Note] InnoDB: Waiting for purge to start
2024-06-25 21:02:49 0 [Note] InnoDB: Waiting for purge to start
2024-06-25 21:02:49 0 [Note] InnoDB: Waiting for purge to start
2024-06-25 21:02:49 0 [Note] InnoDB: Waiting for purge to start
2024-06-25 21:02:49 0 [Note] InnoDB: Waiting for purge to start
2024-06-25 21:02:49 0 [Note] InnoDB: Waiting for purge to start
2024-06-25 21:02:49 0 [Note] InnoDB: Waiting for purge to start
2024-06-25 21:02:49 0 [Note] InnoDB: Waiting for purge to start
2024-06-25 21:02:49 0 [Note] InnoDB: Waiting for purge to start
2024-06-25 21:02:49 0 [Note] InnoDB: Waiting for purge to start
2024-06-25 21:02:50 0 [Note] InnoDB: Waiting for purge to start
2024-06-25 21:02:50 0 [Note] InnoDB: Waiting for purge to start
2024-06-25 21:02:50 0 [Note] InnoDB: Waiting for purge to start
2024-06-25 21:02:50 0 [Note] InnoDB: Waiting for purge to start
2024-06-25 21:02:50 0 [Note] InnoDB: Waiting for purge to start
2024-06-25 21:02:50 0 [Note] InnoDB: Waiting for purge to start
2024-06-25 21:02:50 0 [Note] InnoDB: Waiting for purge to start
2024-06-25 21:02:50 0 [Note] InnoDB: Waiting for purge to start
2024-06-25 21:02:50 0 [Note] InnoDB: Waiting for purge to start
2024-06-25 21:02:50 0 [Note] InnoDB: Waiting for purge to start
2024-06-25 21:02:50 0 [Note] InnoDB: Waiting for purge to start
2024-06-25 21:02:50 0 [Note] InnoDB: Waiting for purge to start
2024-06-25 21:02:50 0 [Note] InnoDB: Waiting for purge to start
2024-06-25 21:02:50 0 [Note] InnoDB: Waiting for purge to start
2024-06-25 21:02:50 0 [Note] InnoDB: Waiting for purge to start
2024-06-25 21:02:50 0 [Note] InnoDB: Waiting for purge to start
2024-06-25 21:02:50 0 [Note] InnoDB: Waiting for purge to start
2024-06-25 21:02:50 0 [Note] InnoDB: Waiting for purge to start
2024-06-25 21:02:50 0 [Note] InnoDB: Waiting for purge to start
2024-06-25 21:02:50 0 [Note] InnoDB: Waiting for purge to start
2024-06-25 21:02:51 0 [Note] InnoDB: Waiting for purge to start
2024-06-25 21:02:51 0 [Note] InnoDB: Waiting for purge to start
2024-06-25 21:02:51 0 [Note] InnoDB: Waiting for purge to start
2024-06-25 21:02:51 0 [Note] InnoDB: Waiting for purge to start
2024-06-25 21:02:51 0 [Note] InnoDB: Waiting for purge to start
2024-06-25 21:02:51 0 [Note] InnoDB: Waiting for purge to start
2024-06-25 21:02:51 0 [Note] InnoDB: Waiting for purge to start
2024-06-25 21:02:51 0 [Note] InnoDB: Waiting for purge to start
2024-06-25 21:02:51 0 [Note] InnoDB: Waiting for purge to start
2024-06-25 21:02:51 0 [Note] InnoDB: Waiting for purge to start
2024-06-25 21:02:51 0 [Note] InnoDB: Waiting for purge to start
2024-06-25 21:02:51 0 [Note] InnoDB: Waiting for purge to start
2024-06-25 21:02:51 0 [Note] InnoDB: Waiting for purge to start
2024-06-25 21:02:51 0 [Note] InnoDB: 10.4.32 started; log sequence number 347361; transaction id 306
2024-06-25 21:02:51 0 [Note] InnoDB: Loading buffer pool(s) from C:\xampp\mysql\data\ib_buffer_pool
2024-06-25 21:02:52 0 [Note] InnoDB: Buffer pool(s) load completed at 240625 21:02:52
2024-06-25 21:02:57 0 [Note] Plugin 'FEEDBACK' is disabled.
2024-06-25 21:03:53 0 [Note] Server socket created on IP: '::'.
2024-06-25 21:04:14 0 [Note] Reading of all Master_info entries succeeded
2024-06-25 21:04:14 0 [Note] Added new Master_info '' to hash table
2024-06-25 21:04:14 0 [Note] C:\xampp\mysql\bin\mysqld.exe: ready for connections.
Version: '10.4.32-MariaDB'  socket: ''  port: 3306  mariadb.org binary distribution
2024-06-27 16:32:21 0 [Note] Starting MariaDB 10.4.32-MariaDB source revision c4143f909528e3fab0677a28631d10389354c491 as process 6156
2024-06-27 16:32:21 0 [Note] InnoDB: Mutexes and rw_locks use Windows interlocked functions
2024-06-27 16:32:21 0 [Note] InnoDB: Uses event mutexes
2024-06-27 16:32:21 0 [Note] InnoDB: Compressed tables use zlib 1.3
2024-06-27 16:32:21 0 [Note] InnoDB: Number of pools: 1
2024-06-27 16:32:21 0 [Note] InnoDB: Using SSE2 crc32 instructions
2024-06-27 16:32:21 0 [Note] InnoDB: Initializing buffer pool, total size = 16M, instances = 1, chunk size = 16M
2024-06-27 16:32:21 0 [Note] InnoDB: Completed initialization of buffer pool
2024-06-27 16:32:21 0 [Note] InnoDB: Starting crash recovery from checkpoint LSN=347361
2024-06-27 16:32:22 0 [Note] InnoDB: 128 out of 128 rollback segments are active.
2024-06-27 16:32:22 0 [Note] InnoDB: Creating shared tablespace for temporary tables
2024-06-27 16:32:22 0 [Note] InnoDB: Setting file 'C:\BACKEND\XAMPP\mysql\data\ibtmp1' size to 12 MB. Physically writing the file full; Please wait ...
2024-06-27 16:32:22 0 [Note] InnoDB: File 'C:\BACKEND\XAMPP\mysql\data\ibtmp1' size is now 12 MB.
2024-06-27 16:32:22 0 [Note] InnoDB: Waiting for purge to start
2024-06-27 16:32:22 0 [Note] InnoDB: 10.4.32 started; log sequence number 347370; transaction id 306
2024-06-27 16:32:22 0 [Note] Plugin 'FEEDBACK' is disabled.
2024-06-27 16:32:22 0 [Note] Server socket created on IP: '::'.
2024-06-27 16:32:22 0 [Note] InnoDB: Loading buffer pool(s) from C:\BACKEND\XAMPP\mysql\data\ib_buffer_pool
2024-06-27 16:32:22 0 [Note] InnoDB: Buffer pool(s) load completed at 240627 16:32:22
2024-06-27 16:32:22 0 [Note] Reading of all Master_info entries succeeded
2024-06-27 16:32:22 0 [Note] Added new Master_info '' to hash table
2024-06-27 16:32:22 0 [Note] C:\backend\xampp\mysql\bin\mysqld.exe: ready for connections.
Version: '10.4.32-MariaDB'  socket: ''  port: 3306  mariadb.org binary distribution
2024-06-27 17:35:26 8 [Warning] Aborted connection 8 to db: 'audiobooks' user: 'admin' host: 'localhost' (Got an error reading communication packets)
2024-07-06 22:16:53 0 [Note] C:\backend\xampp\mysql\bin\mysqld.exe (initiated by: unknown): Normal shutdown
2024-07-06 22:16:53 0 [Note] Event Scheduler: Purging the queue. 0 events
2024-07-06 22:16:53 0 [Note] InnoDB: FTS optimize thread exiting.
2024-07-06 22:16:53 0 [Note] InnoDB: Starting shutdown...
2024-07-06 22:16:53 0 [Note] InnoDB: Dumping buffer pool(s) to C:\BACKEND\XAMPP\mysql\data\ib_buffer_pool
2024-07-06 22:16:53 0 [Note] InnoDB: Instance 0, restricted to 250 pages due to innodb_buf_pool_dump_pct=25
2024-07-06 22:16:53 0 [Note] InnoDB: Buffer pool(s) dump completed at 240706 22:16:53
2024-07-06 22:16:54 0 [Note] InnoDB: Removed temporary tablespace data file: "ibtmp1"
2024-07-06 22:16:54 0 [Note] InnoDB: Shutdown completed; log sequence number 360106; transaction id 349
2024-07-06 22:16:54 0 [Note] C:\backend\xampp\mysql\bin\mysqld.exe: Shutdown complete

2024-07-06 22:17:36 0 [Note] Starting MariaDB 10.4.32-MariaDB source revision c4143f909528e3fab0677a28631d10389354c491 as process 13628
2024-07-06 22:17:36 0 [Note] InnoDB: Mutexes and rw_locks use Windows interlocked functions
2024-07-06 22:17:36 0 [Note] InnoDB: Uses event mutexes
2024-07-06 22:17:36 0 [Note] InnoDB: Compressed tables use zlib 1.3
2024-07-06 22:17:36 0 [Note] InnoDB: Number of pools: 1
2024-07-06 22:17:36 0 [Note] InnoDB: Using SSE2 crc32 instructions
2024-07-06 22:17:36 0 [Note] InnoDB: Initializing buffer pool, total size = 16M, instances = 1, chunk size = 16M
2024-07-06 22:17:36 0 [Note] InnoDB: Completed initialization of buffer pool
2024-07-06 22:17:36 0 [Note] InnoDB: 128 out of 128 rollback segments are active.
2024-07-06 22:17:36 0 [Note] InnoDB: Creating shared tablespace for temporary tables
2024-07-06 22:17:36 0 [Note] InnoDB: Setting file 'C:\BACKEND\XAMPP\mysql\data\ibtmp1' size to 12 MB. Physically writing the file full; Please wait ...
2024-07-06 22:17:36 0 [Note] InnoDB: File 'C:\BACKEND\XAMPP\mysql\data\ibtmp1' size is now 12 MB.
2024-07-06 22:17:36 0 [Note] InnoDB: Waiting for purge to start
2024-07-06 22:17:36 0 [Note] InnoDB: 10.4.32 started; log sequence number 360106; transaction id 350
2024-07-06 22:17:36 0 [Note] InnoDB: Loading buffer pool(s) from C:\BACKEND\XAMPP\mysql\data\ib_buffer_pool
2024-07-06 22:17:36 0 [Note] Plugin 'FEEDBACK' is disabled.
2024-07-06 22:17:36 0 [Note] InnoDB: Buffer pool(s) load completed at 240706 22:17:36
2024-07-06 22:17:37 0 [Note] Server socket created on IP: '::'.
2024-07-06 22:17:37 0 [Note] Reading of all Master_info entries succeeded
2024-07-06 22:17:37 0 [Note] Added new Master_info '' to hash table
2024-07-06 22:17:37 0 [Note] C:\backend\xampp\mysql\bin\mysqld.exe: ready for connections.
Version: '10.4.32-MariaDB'  socket: ''  port: 3306  mariadb.org binary distribution
2024-07-06 22:19:09 0 [Note] C:\backend\xampp\mysql\bin\mysqld.exe (initiated by: unknown): Normal shutdown
2024-07-06 22:19:09 0 [Note] Event Scheduler: Purging the queue. 0 events
2024-07-06 22:19:09 0 [Note] InnoDB: FTS optimize thread exiting.
2024-07-06 22:19:09 0 [Note] InnoDB: Starting shutdown...
2024-07-06 22:19:09 0 [Note] InnoDB: Dumping buffer pool(s) to C:\BACKEND\XAMPP\mysql\data\ib_buffer_pool
2024-07-06 22:19:09 0 [Note] InnoDB: Instance 0, restricted to 250 pages due to innodb_buf_pool_dump_pct=25
2024-07-06 22:19:09 0 [Note] InnoDB: Buffer pool(s) dump completed at 240706 22:19:09
2024-07-06 22:19:10 0 [Note] InnoDB: Removed temporary tablespace data file: "ibtmp1"
2024-07-06 22:19:10 0 [Note] InnoDB: Shutdown completed; log sequence number 360115; transaction id 351
2024-07-06 22:19:10 0 [Note] C:\backend\xampp\mysql\bin\mysqld.exe: Shutdown complete

2024-07-06 22:19:15 0 [Note] Starting MariaDB 10.4.32-MariaDB source revision c4143f909528e3fab0677a28631d10389354c491 as process 5592
2024-07-06 22:19:15 0 [Note] InnoDB: Mutexes and rw_locks use Windows interlocked functions
2024-07-06 22:19:15 0 [Note] InnoDB: Uses event mutexes
2024-07-06 22:19:15 0 [Note] InnoDB: Compressed tables use zlib 1.3
2024-07-06 22:19:15 0 [Note] InnoDB: Number of pools: 1
2024-07-06 22:19:15 0 [Note] InnoDB: Using SSE2 crc32 instructions
2024-07-06 22:19:15 0 [Note] InnoDB: Initializing buffer pool, total size = 16M, instances = 1, chunk size = 16M
2024-07-06 22:19:15 0 [Note] InnoDB: Completed initialization of buffer pool
2024-07-06 22:19:15 0 [Note] InnoDB: 128 out of 128 rollback segments are active.
2024-07-06 22:19:15 0 [Note] InnoDB: Creating shared tablespace for temporary tables
2024-07-06 22:19:15 0 [Note] InnoDB: Setting file 'C:\BACKEND\XAMPP\mysql\data\ibtmp1' size to 12 MB. Physically writing the file full; Please wait ...
2024-07-06 22:19:15 0 [Note] InnoDB: File 'C:\BACKEND\XAMPP\mysql\data\ibtmp1' size is now 12 MB.
2024-07-06 22:19:15 0 [Note] InnoDB: Waiting for purge to start
2024-07-06 22:19:15 0 [Note] InnoDB: 10.4.32 started; log sequence number 360115; transaction id 350
2024-07-06 22:19:15 0 [Note] Plugin 'FEEDBACK' is disabled.
2024-07-06 22:19:15 0 [Note] InnoDB: Loading buffer pool(s) from C:\BACKEND\XAMPP\mysql\data\ib_buffer_pool
2024-07-06 22:19:15 0 [Note] InnoDB: Buffer pool(s) load completed at 240706 22:19:15
2024-07-06 22:19:15 0 [Note] Server socket created on IP: '::'.
2024-07-06 22:19:15 0 [Note] Reading of all Master_info entries succeeded
2024-07-06 22:19:15 0 [Note] Added new Master_info '' to hash table
2024-07-06 22:19:15 0 [Note] C:\backend\xampp\mysql\bin\mysqld.exe: ready for connections.
Version: '10.4.32-MariaDB'  socket: ''  port: 3306  mariadb.org binary distribution
2024-07-06 22:26:15 0 [Note] C:\backend\xampp\mysql\bin\mysqld.exe (initiated by: unknown): Normal shutdown
2024-07-06 22:26:15 0 [Note] Event Scheduler: Purging the queue. 0 events
2024-07-06 22:26:15 0 [Note] InnoDB: FTS optimize thread exiting.
2024-07-06 22:26:15 0 [Note] InnoDB: Starting shutdown...
2024-07-06 22:26:15 0 [Note] InnoDB: Dumping buffer pool(s) to C:\BACKEND\XAMPP\mysql\data\ib_buffer_pool
2024-07-06 22:26:16 0 [Note] InnoDB: Instance 0, restricted to 250 pages due to innodb_buf_pool_dump_pct=25
2024-07-06 22:26:16 0 [Note] InnoDB: Buffer pool(s) dump completed at 240706 22:26:16
2024-07-06 22:26:17 0 [Note] InnoDB: Removed temporary tablespace data file: "ibtmp1"
2024-07-06 22:26:17 0 [Note] InnoDB: Shutdown completed; log sequence number 360124; transaction id 351
2024-07-06 22:26:17 0 [Note] C:\backend\xampp\mysql\bin\mysqld.exe: Shutdown complete

2024-07-06 22:26:41 0 [Note] Starting MariaDB 10.4.32-MariaDB source revision c4143f909528e3fab0677a28631d10389354c491 as process 5972
2024-07-06 22:26:41 0 [Note] InnoDB: Mutexes and rw_locks use Windows interlocked functions
2024-07-06 22:26:41 0 [Note] InnoDB: Uses event mutexes
2024-07-06 22:26:41 0 [Note] InnoDB: Compressed tables use zlib 1.3
2024-07-06 22:26:41 0 [Note] InnoDB: Number of pools: 1
2024-07-06 22:26:41 0 [Note] InnoDB: Using SSE2 crc32 instructions
2024-07-06 22:26:41 0 [Note] InnoDB: Initializing buffer pool, total size = 16M, instances = 1, chunk size = 16M
2024-07-06 22:26:41 0 [Note] InnoDB: Completed initialization of buffer pool
2024-07-06 22:26:41 0 [Note] InnoDB: 128 out of 128 rollback segments are active.
2024-07-06 22:26:41 0 [Note] InnoDB: Creating shared tablespace for temporary tables
2024-07-06 22:26:41 0 [Note] InnoDB: Setting file 'C:\BACKEND\XAMPP\mysql\data\ibtmp1' size to 12 MB. Physically writing the file full; Please wait ...
2024-07-06 22:26:41 0 [Note] InnoDB: File 'C:\BACKEND\XAMPP\mysql\data\ibtmp1' size is now 12 MB.
2024-07-06 22:26:41 0 [Note] InnoDB: Waiting for purge to start
2024-07-06 22:26:41 0 [Note] InnoDB: 10.4.32 started; log sequence number 360124; transaction id 350
2024-07-06 22:26:41 0 [Note] InnoDB: Loading buffer pool(s) from C:\BACKEND\XAMPP\mysql\data\ib_buffer_pool
2024-07-06 22:26:41 0 [Note] Plugin 'FEEDBACK' is disabled.
2024-07-06 22:26:41 0 [Note] InnoDB: Buffer pool(s) load completed at 240706 22:26:41
2024-07-06 22:26:41 0 [Note] Server socket created on IP: '::'.
2024-07-06 22:26:41 0 [Note] Reading of all Master_info entries succeeded
2024-07-06 22:26:41 0 [Note] Added new Master_info '' to hash table
2024-07-06 22:26:41 0 [Note] C:\backend\xampp\mysql\bin\mysqld.exe: ready for connections.
Version: '10.4.32-MariaDB'  socket: ''  port: 3306  mariadb.org binary distribution
